<?xml version="1.0" encoding="UTF-8"?>
<!-- Generated by org.testng.reporters.JUnitReportReporter -->
<testsuite hostname="SHAIK-SAMAD-PC" failures="0" tests="1" name="smoke.TC_111" time="10.180" errors="0" timestamp="2025-08-07T22:08:00 IST" skipped="0">
  <testcase classname="smoke.TC_111" name="verifyBookAHotelPageTC111" time="10.180"/>
  <system-out/>
</testsuite> <!-- smoke.TC_111 -->
