<?xml version="1.0" encoding="UTF-8"?>
<!-- Generated by org.testng.reporters.JUnitReportReporter -->
<testsuite hostname="SHAIK-SAMAD-PC" failures="0" tests="1" name="smoke.TC_102" time="9.604" errors="0" timestamp="2025-08-07T22:08:00 IST" skipped="0">
  <testcase classname="smoke.TC_102" name="verifyCheckOutDateTC102" time="9.604"/>
  <system-out/>
</testsuite> <!-- smoke.TC_102 -->
