<?xml version="1.0" encoding="UTF-8"?>
<!-- Generated by org.testng.reporters.JUnitReportReporter -->
<testsuite hostname="SHAIK-SAMAD-PC" failures="0" tests="1" name="smoke.TC_115" time="60.155" errors="0" timestamp="2025-04-24T19:56:03 IST" skipped="0">
  <testcase classname="smoke.TC_115" name="verifyBookedItineraryEditableTC115" time="60.155"/>
  <system-out/>
</testsuite> <!-- smoke.TC_115 -->
