<?xml version="1.0" encoding="UTF-8"?>
<!-- Generated by org.testng.reporters.JUnitReportReporter -->
<testsuite hostname="SHAIK-SAMAD-PC" failures="0" tests="1" name="regression.ValidateLoginUsingPOMDataProvider" time="10.272" errors="0" timestamp="2025-04-05T19:36:34 IST" skipped="0">
  <testcase classname="regression.ValidateLoginUsingPOMDataProvider" name="validateLoginTest" time="10.272"/>
  <system-out/>
</testsuite> <!-- regression.ValidateLoginUsingPOMDataProvider -->
