<?xml version="1.0" encoding="UTF-8"?>
<!-- Generated by org.testng.reporters.JUnitReportReporter -->
<testsuite hostname="SHAIK-SAMAD-PC" failures="0" tests="1" name="smoke.VerifyLoginValidCredentials" time="10.483" errors="0" timestamp="2025-04-05T23:22:22 IST" skipped="0">
  <testcase classname="smoke.VerifyLoginValidCredentials" name="ValidLoginDetails" time="10.483"/>
  <system-out/>
</testsuite> <!-- smoke.VerifyLoginValidCredentials -->
