<?xml version="1.0" encoding="UTF-8"?>
<!-- Generated by org.testng.reporters.JUnitReportReporter -->
<testsuite hostname="SHAIK-SAMAD-PC" failures="0" tests="1" name="smoke.TC_102" time="8.502" errors="0" timestamp="2025-08-08T13:33:52 IST" skipped="0">
  <testcase classname="smoke.TC_102" name="verifyCheckOutDateTC102" time="8.502"/>
  <system-out/>
</testsuite> <!-- smoke.TC_102 -->
