<?xml version="1.0" encoding="UTF-8"?>
<!-- Generated by org.testng.reporters.JUnitReportReporter -->
<testsuite hostname="SHAIK-SAMAD-PC" failures="0" tests="1" name="smoke.TC_120" time="50.781" errors="0" timestamp="2025-08-08T13:33:52 IST" skipped="0">
  <testcase classname="smoke.TC_120" name="ToVerifyAllPagesTitlesTC120" time="50.781"/>
  <system-out/>
</testsuite> <!-- smoke.TC_120 -->
