<?xml version="1.0" encoding="UTF-8"?>
<!-- Generated by org.testng.reporters.JUnitReportReporter -->
<testsuite hostname="SHAIK-SAMAD-PC" failures="0" tests="1" name="smoke.TC_117" time="48.278" errors="0" timestamp="2025-04-24T19:56:03 IST" skipped="0">
  <testcase classname="smoke.TC_117" name="verifyBookedItinerarySearchBarTC117" time="48.278"/>
  <system-out/>
</testsuite> <!-- smoke.TC_117 -->
