<?xml version="1.0" encoding="UTF-8"?>
<!-- Generated by org.testng.reporters.JUnitReportReporter -->
<testsuite hostname="SHAIK-SAMAD-PC" failures="0" tests="1" name="smoke.TC_103" time="8.025" errors="0" timestamp="2025-08-07T23:37:04 IST" skipped="0">
  <testcase classname="smoke.TC_103" name="verifyPastDatesTC103" time="8.025"/>
</testsuite> <!-- smoke.TC_103 -->
